INFO: checking for a shell... 
INFO: /bin/sh
INFO: checking for host system type... 
INFO: x86_64-pc-linux-gnu
INFO: checking for target system type... 
INFO: x86_64-pc-linux-gnu
INFO: checking for the Android toolchain directory... 
INFO: not found
INFO: checking whether cross compiling... 
INFO: no
INFO: checking for pkg_config... 
DEBUG: pkg_config: Trying pkg-config
INFO: /usr/bin/pkg-config
INFO: checking for pkg-config version... 
DEBUG: Executing: `/usr/bin/pkg-config --version`
INFO: 0.26
INFO: checking for yasm... 
DEBUG: yasm: Trying yasm
INFO: not found
INFO: checking for the target C compiler... 
DEBUG: _cc: Trying gcc
INFO: /usr/bin/gcc
INFO: checking whether the target C compiler can be used... 
DEBUG: Creating `/tmp/conftest.ofGJvm.c` with content:
DEBUG: | #if defined(_MSC_VER)
DEBUG: | #if defined(__clang__)
DEBUG: | %COMPILER clang-cl
DEBUG: | %VERSION _MSC_FULL_VER
DEBUG: | #else
DEBUG: | %COMPILER msvc
DEBUG: | %VERSION _MSC_FULL_VER
DEBUG: | #endif
DEBUG: | #elif defined(__clang__)
DEBUG: | %COMPILER clang
DEBUG: | #  if !__cplusplus || __cpp_static_assert
DEBUG: | %VERSION __clang_major__.__clang_minor__.__clang_patchlevel__
DEBUG: | #  endif
DEBUG: | #elif defined(__GNUC__)
DEBUG: | %COMPILER gcc
DEBUG: | %VERSION __GNUC__.__GNUC_MINOR__.__GNUC_PATCHLEVEL__
DEBUG: | #endif
DEBUG: | 
DEBUG: | #if __cplusplus
DEBUG: | %cplusplus __cplusplus
DEBUG: | #elif __STDC_VERSION__
DEBUG: | %STDC_VERSION __STDC_VERSION__
DEBUG: | #elif __STDC__
DEBUG: | %STDC_VERSION 198900L
DEBUG: | #endif
DEBUG: Executing: `/usr/bin/gcc -E /tmp/conftest.ofGJvm.c`
DEBUG: COMPILER = gcc
DEBUG: VERSION = 4.8.4
DEBUG: STDC_VERSION = 198900L
DEBUG: Creating `/tmp/conftest.se21Af.c` with content:
DEBUG: | #if defined(_MSC_VER)
DEBUG: | #if defined(__clang__)
DEBUG: | %COMPILER clang-cl
DEBUG: | %VERSION _MSC_FULL_VER
DEBUG: | #else
DEBUG: | %COMPILER msvc
DEBUG: | %VERSION _MSC_FULL_VER
DEBUG: | #endif
DEBUG: | #elif defined(__clang__)
DEBUG: | %COMPILER clang
DEBUG: | #  if !__cplusplus || __cpp_static_assert
DEBUG: | %VERSION __clang_major__.__clang_minor__.__clang_patchlevel__
DEBUG: | #  endif
DEBUG: | #elif defined(__GNUC__)
DEBUG: | %COMPILER gcc
DEBUG: | %VERSION __GNUC__.__GNUC_MINOR__.__GNUC_PATCHLEVEL__
DEBUG: | #endif
DEBUG: | 
DEBUG: | #if __cplusplus
DEBUG: | %cplusplus __cplusplus
DEBUG: | #elif __STDC_VERSION__
DEBUG: | %STDC_VERSION __STDC_VERSION__
DEBUG: | #elif __STDC__
DEBUG: | %STDC_VERSION 198900L
DEBUG: | #endif
DEBUG: Executing: `/usr/bin/gcc -std=gnu99 -E /tmp/conftest.se21Af.c`
DEBUG: COMPILER = gcc
DEBUG: VERSION = 4.8.4
DEBUG: STDC_VERSION = 199901L
INFO: yes
INFO: checking the target C compiler version... 
INFO: 4.8.4
INFO: checking for the target C++ compiler... 
DEBUG: _cxx: Trying /usr/bin/g++
INFO: /usr/bin/g++
INFO: checking whether the target C++ compiler can be used... 
DEBUG: Creating `/tmp/conftest.h_ewHs.cpp` with content:
DEBUG: | #if defined(_MSC_VER)
DEBUG: | #if defined(__clang__)
DEBUG: | %COMPILER clang-cl
DEBUG: | %VERSION _MSC_FULL_VER
DEBUG: | #else
DEBUG: | %COMPILER msvc
DEBUG: | %VERSION _MSC_FULL_VER
DEBUG: | #endif
DEBUG: | #elif defined(__clang__)
DEBUG: | %COMPILER clang
DEBUG: | #  if !__cplusplus || __cpp_static_assert
DEBUG: | %VERSION __clang_major__.__clang_minor__.__clang_patchlevel__
DEBUG: | #  endif
DEBUG: | #elif defined(__GNUC__)
DEBUG: | %COMPILER gcc
DEBUG: | %VERSION __GNUC__.__GNUC_MINOR__.__GNUC_PATCHLEVEL__
DEBUG: | #endif
DEBUG: | 
DEBUG: | #if __cplusplus
DEBUG: | %cplusplus __cplusplus
DEBUG: | #elif __STDC_VERSION__
DEBUG: | %STDC_VERSION __STDC_VERSION__
DEBUG: | #elif __STDC__
DEBUG: | %STDC_VERSION 198900L
DEBUG: | #endif
DEBUG: Executing: `/usr/bin/g++ -E /tmp/conftest.h_ewHs.cpp`
DEBUG: COMPILER = gcc
DEBUG: VERSION = 4.8.4
DEBUG: cplusplus = 199711L
DEBUG: Creating `/tmp/conftest.S8zGFk.cpp` with content:
DEBUG: | #if defined(_MSC_VER)
DEBUG: | #if defined(__clang__)
DEBUG: | %COMPILER clang-cl
DEBUG: | %VERSION _MSC_FULL_VER
DEBUG: | #else
DEBUG: | %COMPILER msvc
DEBUG: | %VERSION _MSC_FULL_VER
DEBUG: | #endif
DEBUG: | #elif defined(__clang__)
DEBUG: | %COMPILER clang
DEBUG: | #  if !__cplusplus || __cpp_static_assert
DEBUG: | %VERSION __clang_major__.__clang_minor__.__clang_patchlevel__
DEBUG: | #  endif
DEBUG: | #elif defined(__GNUC__)
DEBUG: | %COMPILER gcc
DEBUG: | %VERSION __GNUC__.__GNUC_MINOR__.__GNUC_PATCHLEVEL__
DEBUG: | #endif
DEBUG: | 
DEBUG: | #if __cplusplus
DEBUG: | %cplusplus __cplusplus
DEBUG: | #elif __STDC_VERSION__
DEBUG: | %STDC_VERSION __STDC_VERSION__
DEBUG: | #elif __STDC__
DEBUG: | %STDC_VERSION 198900L
DEBUG: | #endif
DEBUG: Executing: `/usr/bin/g++ -std=gnu++11 -E /tmp/conftest.S8zGFk.cpp`
DEBUG: COMPILER = gcc
DEBUG: VERSION = 4.8.4
DEBUG: cplusplus = 201103L
INFO: yes
INFO: checking the target C++ compiler version... 
INFO: 4.8.4
INFO: checking for the host C compiler... 
DEBUG: _host_cc: Trying /usr/bin/gcc
INFO: /usr/bin/gcc
INFO: checking whether the host C compiler can be used... 
DEBUG: Creating `/tmp/conftest.3cYjIo.c` with content:
DEBUG: | #if defined(_MSC_VER)
DEBUG: | #if defined(__clang__)
DEBUG: | %COMPILER clang-cl
DEBUG: | %VERSION _MSC_FULL_VER
DEBUG: | #else
DEBUG: | %COMPILER msvc
DEBUG: | %VERSION _MSC_FULL_VER
DEBUG: | #endif
DEBUG: | #elif defined(__clang__)
DEBUG: | %COMPILER clang
DEBUG: | #  if !__cplusplus || __cpp_static_assert
DEBUG: | %VERSION __clang_major__.__clang_minor__.__clang_patchlevel__
DEBUG: | #  endif
DEBUG: | #elif defined(__GNUC__)
DEBUG: | %COMPILER gcc
DEBUG: | %VERSION __GNUC__.__GNUC_MINOR__.__GNUC_PATCHLEVEL__
DEBUG: | #endif
DEBUG: | 
DEBUG: | #if __cplusplus
DEBUG: | %cplusplus __cplusplus
DEBUG: | #elif __STDC_VERSION__
DEBUG: | %STDC_VERSION __STDC_VERSION__
DEBUG: | #elif __STDC__
DEBUG: | %STDC_VERSION 198900L
DEBUG: | #endif
DEBUG: Executing: `/usr/bin/gcc -std=gnu99 -E /tmp/conftest.3cYjIo.c`
DEBUG: COMPILER = gcc
DEBUG: VERSION = 4.8.4
DEBUG: STDC_VERSION = 199901L
INFO: yes
INFO: checking the host C compiler version... 
INFO: 4.8.4
INFO: checking for the host C++ compiler... 
DEBUG: _host_cxx: Trying /usr/bin/g++
INFO: /usr/bin/g++
INFO: checking whether the host C++ compiler can be used... 
DEBUG: Creating `/tmp/conftest.m2j_rI.cpp` with content:
DEBUG: | #if defined(_MSC_VER)
DEBUG: | #if defined(__clang__)
DEBUG: | %COMPILER clang-cl
DEBUG: | %VERSION _MSC_FULL_VER
DEBUG: | #else
DEBUG: | %COMPILER msvc
DEBUG: | %VERSION _MSC_FULL_VER
DEBUG: | #endif
DEBUG: | #elif defined(__clang__)
DEBUG: | %COMPILER clang
DEBUG: | #  if !__cplusplus || __cpp_static_assert
DEBUG: | %VERSION __clang_major__.__clang_minor__.__clang_patchlevel__
DEBUG: | #  endif
DEBUG: | #elif defined(__GNUC__)
DEBUG: | %COMPILER gcc
DEBUG: | %VERSION __GNUC__.__GNUC_MINOR__.__GNUC_PATCHLEVEL__
DEBUG: | #endif
DEBUG: | 
DEBUG: | #if __cplusplus
DEBUG: | %cplusplus __cplusplus
DEBUG: | #elif __STDC_VERSION__
DEBUG: | %STDC_VERSION __STDC_VERSION__
DEBUG: | #elif __STDC__
DEBUG: | %STDC_VERSION 198900L
DEBUG: | #endif
DEBUG: Executing: `/usr/bin/g++ -std=gnu++11 -E /tmp/conftest.m2j_rI.cpp`
DEBUG: COMPILER = gcc
DEBUG: VERSION = 4.8.4
DEBUG: cplusplus = 201103L
INFO: yes
INFO: checking the host C++ compiler version... 
INFO: 4.8.4
INFO: checking for awk... 
DEBUG: awk: Trying gawk
INFO: /usr/bin/gawk
INFO: checking for perl... 
DEBUG: perl: Trying perl5
DEBUG: perl: Trying perl
INFO: /usr/bin/perl
INFO: checking for minimum required perl version >= 5.006... 
DEBUG: Executing: `/usr/bin/perl -e 'print $]'`
INFO: 5.018002
INFO: checking for full perl installation... 
INFO: yes
INFO: checking for doxygen... 
DEBUG: doxygen: Trying doxygen
INFO: not found
INFO: checking for xargs... 
DEBUG: xargs: Trying xargs
INFO: /usr/bin/xargs
INFO: checking for rpmbuild... 
DEBUG: rpmbuild: Trying rpmbuild
INFO: /usr/bin/rpmbuild
INFO: checking for autoconf... 
INFO: /usr/bin/autoconf2.13
INFO: Refreshing /home/cin_chalic/Documents/Project/github/cstipkovic/spidermonkey-research/js/src/old-configure with /usr/bin/autoconf2.13
DEBUG: Injecting the following to old-configure:
DEBUG: | export AUTOCONF=/usr/bin/autoconf2.13
DEBUG: | PYTHON=/home/cin_chalic/Documents/Project/github/cstipkovic/spidermonkey-research/js/src/build_OPT.OBJ/_virtualenv/bin/python
DEBUG: | CROSS_COMPILE=
DEBUG: | OS_TARGET=Linux
DEBUG: | OS_ARCH=Linux
DEBUG: | OS_TEST=x86_64
DEBUG: | CPU_ARCH=x86_64
DEBUG: | HOST_OS_ARCH=Linux
DEBUG: | MOZ_BUILD_APP=js
DEBUG: | NIGHTLY_BUILD=1
DEBUG: | MOZ_UPDATE_CHANNEL=default
DEBUG: | PKG_CONFIG=/usr/bin/pkg-config
DEBUG: | JS_STANDALONE=1
DEBUG: | JS_SHARED_LIBRARY=1
DEBUG: | COMPILE_ENVIRONMENT=1
DEBUG: | MOZ_DEBUG=
DEBUG: | CC='/usr/bin/gcc -std=gnu99'
DEBUG: | CC_TYPE=gcc
DEBUG: | CC_VERSION=4.8.4
DEBUG: | CXX='/usr/bin/g++ -std=gnu++11'
DEBUG: | HOST_CC='/usr/bin/gcc -std=gnu99'
DEBUG: | HOST_CC_TYPE=gcc
DEBUG: | HOST_CC_VERSION=4.8.4
DEBUG: | HOST_CXX='/usr/bin/g++ -std=gnu++11'
DEBUG: | MOZ_DEBUG_FLAGS=-g
DEBUG: | MOZ_MEMORY=1
DEBUG: | AWK=/usr/bin/gawk
DEBUG: | PERL=/usr/bin/perl
DEBUG: Running /bin/sh /home/cin_chalic/Documents/Project/github/cstipkovic/spidermonkey-research/js/src/old-configure --host=x86_64-pc-linux-gnu --target=x86_64-pc-linux-gnu --enable-jemalloc
This file contains any messages produced by compilers while
running configure, to aid debugging if configure makes a mistake.

configure:841: checking host system type
configure:862: checking target system type
configure:880: checking build system type
configure:2216: checking for gcc
configure:2329: checking whether the C compiler (/usr/bin/gcc -std=gnu99  ) works
configure:2345: /usr/bin/gcc -std=gnu99 -o conftest    conftest.c  1>&5
configure:2342:1: warning: return type defaults to 'int' [enabled by default]
configure:2371: checking whether the C compiler (/usr/bin/gcc -std=gnu99  ) is a cross-compiler
configure:2376: checking whether we are using GNU C
configure:2385: /usr/bin/gcc -std=gnu99 -E conftest.c
configure:2404: checking whether /usr/bin/gcc -std=gnu99 accepts -g
configure:2440: checking for c++
configure:2472: checking whether the C++ compiler (/usr/bin/g++ -std=gnu++11  ) works
configure:2488: /usr/bin/g++ -std=gnu++11 -o conftest    conftest.C  1>&5
configure:2514: checking whether the C++ compiler (/usr/bin/g++ -std=gnu++11  ) is a cross-compiler
configure:2519: checking whether we are using GNU C++
configure:2528: /usr/bin/g++ -std=gnu++11 -E conftest.C
configure:2547: checking whether /usr/bin/g++ -std=gnu++11 accepts -g
configure:2581: checking for ranlib
configure:2613: checking for as
configure:2667: checking for ar
configure:2702: checking for ld
configure:2737: checking for strip
configure:2772: checking for windres
configure:2862: checking how to run the C preprocessor
configure:2883: /usr/bin/gcc -std=gnu99 -E  conftest.c >/dev/null 2>conftest.out
configure:2942: checking how to run the C++ preprocessor
configure:2960: /usr/bin/g++ -std=gnu++11 -E  conftest.C >/dev/null 2>conftest.out
configure:3386: checking for sb-conf
configure:3386: checking for ve
configure:3582: checking for gmake
configure:3582: checking for make
configure:3649: checking for X
configure:3716: /usr/bin/gcc -std=gnu99 -E  conftest.c >/dev/null 2>conftest.out
configure:3712:27: fatal error: X11/Intrinsic.h: No such file or directory
compilation terminated.
configure: failed program was:
#line 3711 "configure"
#include "confdefs.h"
#include <X11/Intrinsic.h>
configure:3792: /usr/bin/gcc -std=gnu99 -o conftest    conftest.c -lXt  1>&5
configure: In function 'main':
configure:3788:1: warning: implicit declaration of function 'XtMalloc' [-Wimplicit-function-declaration]
/usr/bin/ld: cannot find -lXt
collect2: error: ld returned 1 exit status
configure: failed program was:
#line 3785 "configure"
#include "confdefs.h"

int main() {
XtMalloc()
; return 0; }
configure:4704: /usr/bin/gcc -std=gnu99 -c   conftest.c 1>&5
configure: In function 'main':
configure:4700:15: error: '__thumb2__' undeclared (first use in this function)
configure:4700:15: note: each undeclared identifier is reported only once for each function it appears in
configure: failed program was:
#line 4697 "configure"
#include "confdefs.h"

int main() {
return sizeof(__thumb2__);
; return 0; }
configure:4949: checking that static assertion macros used in autoconf tests work
configure:4970: /usr/bin/gcc -std=gnu99 -c   conftest.c 1>&5
configure:4987: /usr/bin/gcc -std=gnu99 -c   conftest.c 1>&5
configure: In function 'main':
configure:4984:68: error: size of array 'static_assert_line_4987' is negative
configure:4983:55: note: in expansion of macro 'CONFIGURE_STATIC_ASSERT_IMPL2'
configure:4982:44: note: in expansion of macro 'CONFIGURE_STATIC_ASSERT_IMPL'
configure:4987:1: note: in expansion of macro 'CONFIGURE_STATIC_ASSERT'
configure: failed program was:
#line 4980 "configure"
#include "confdefs.h"

#define CONFIGURE_STATIC_ASSERT(condition) CONFIGURE_STATIC_ASSERT_IMPL(condition, __LINE__)
#define CONFIGURE_STATIC_ASSERT_IMPL(condition, line) CONFIGURE_STATIC_ASSERT_IMPL2(condition, line)
#define CONFIGURE_STATIC_ASSERT_IMPL2(condition, line) typedef int static_assert_line_##line[(condition) ? 1 : -1]

int main() {
CONFIGURE_STATIC_ASSERT(0)
; return 0; }
configure:5010: /usr/bin/g++ -std=gnu++11 -c   conftest.C 1>&5
configure:5027: /usr/bin/g++ -std=gnu++11 -c   conftest.C 1>&5
configure: In function 'int main()':
configure:5024:114: error: size of array 'static_assert_line_5027' is negative
configure:5023:55: note: in expansion of macro 'CONFIGURE_STATIC_ASSERT_IMPL2'
configure:5022:44: note: in expansion of macro 'CONFIGURE_STATIC_ASSERT_IMPL'
configure:5027:1: note: in expansion of macro 'CONFIGURE_STATIC_ASSERT'
configure: failed program was:
#line 5020 "configure"
#include "confdefs.h"

#define CONFIGURE_STATIC_ASSERT(condition) CONFIGURE_STATIC_ASSERT_IMPL(condition, __LINE__)
#define CONFIGURE_STATIC_ASSERT_IMPL(condition, line) CONFIGURE_STATIC_ASSERT_IMPL2(condition, line)
#define CONFIGURE_STATIC_ASSERT_IMPL2(condition, line) typedef int static_assert_line_##line[(condition) ? 1 : -1]

int main() {
CONFIGURE_STATIC_ASSERT(0)
; return 0; }
configure:5395: checking for --noexecstack option to as
configure:5406: /usr/bin/gcc -std=gnu99 -c  -Wa,--noexecstack  conftest.c 1>&5
configure:5419: checking for -z noexecstack option to ld
configure:5430: /usr/bin/gcc -std=gnu99 -o conftest    -Wl,-z,noexecstack conftest.c  1>&5
configure:5443: checking for -z text option to ld
configure:5454: /usr/bin/gcc -std=gnu99 -o conftest    -Wl,-z,noexecstack -Wl,-z,text conftest.c  1>&5
configure:5468: checking for --build-id option to ld
configure:5479: /usr/bin/gcc -std=gnu99 -o conftest    -Wl,-z,noexecstack -Wl,-z,text -Wl,--build-id conftest.c  1>&5
configure:5526: checking whether the C compiler supports -Wclass-varargs
configure:5549: /usr/bin/gcc -std=gnu99 -c  -Werror -Wclass-varargs  conftest.c 1>&5
gcc: error: unrecognized command line option '-Wclass-varargs'
configure: failed program was:
#line 5542 "configure"
#include "confdefs.h"

int main() {
return(0);
; return 0; }
configure:5577: checking whether the C compiler supports -Wloop-analysis
configure:5600: /usr/bin/gcc -std=gnu99 -c  -Werror -Wloop-analysis  conftest.c 1>&5
gcc: error: unrecognized command line option '-Wloop-analysis'
configure: failed program was:
#line 5593 "configure"
#include "confdefs.h"

int main() {
return(0);
; return 0; }
configure:5683: checking whether the C compiler supports -Wstring-conversion
configure:5706: /usr/bin/gcc -std=gnu99 -c  -Werror -Wstring-conversion  conftest.c 1>&5
gcc: error: unrecognized command line option '-Wstring-conversion'
configure: failed program was:
#line 5699 "configure"
#include "confdefs.h"

int main() {
return(0);
; return 0; }
configure:5734: checking whether the C compiler supports -Wthread-safety
configure:5757: /usr/bin/gcc -std=gnu99 -c  -Werror -Wthread-safety  conftest.c 1>&5
gcc: error: unrecognized command line option '-Wthread-safety'
configure: failed program was:
#line 5750 "configure"
#include "confdefs.h"

int main() {
return(0);
; return 0; }
configure:5794: checking whether the C compiler supports -Wno-error=maybe-uninitialized
configure:5817: /usr/bin/gcc -std=gnu99 -c  -Werror -Wno-error=maybe-uninitialized  conftest.c 1>&5
configure:5845: checking whether the C compiler supports -Wno-error=deprecated-declarations
configure:5868: /usr/bin/gcc -std=gnu99 -c  -Werror -Wno-error=deprecated-declarations  conftest.c 1>&5
configure:5896: checking whether the C compiler supports -Wno-error=array-bounds
configure:5919: /usr/bin/gcc -std=gnu99 -c  -Werror -Wno-error=array-bounds  conftest.c 1>&5
configure:6112: checking whether the C++ compiler supports -Wc++11-compat-pedantic
configure:6135: /usr/bin/g++ -std=gnu++11 -c  -Werror -Wc++11-compat-pedantic  conftest.C 1>&5
g++: error: unrecognized command line option '-Wc++11-compat-pedantic'
configure: failed program was:
#line 6128 "configure"
#include "confdefs.h"

int main() {
return(0);
; return 0; }
configure:6163: checking whether the C++ compiler supports -Wc++14-compat
configure:6186: /usr/bin/g++ -std=gnu++11 -c  -Werror -Wc++14-compat  conftest.C 1>&5
g++: error: unrecognized command line option '-Wc++14-compat'
configure: failed program was:
#line 6179 "configure"
#include "confdefs.h"

int main() {
return(0);
; return 0; }
configure:6214: checking whether the C++ compiler supports -Wc++14-compat-pedantic
configure:6237: /usr/bin/g++ -std=gnu++11 -c  -Werror -Wc++14-compat-pedantic  conftest.C 1>&5
g++: error: unrecognized command line option '-Wc++14-compat-pedantic'
configure: failed program was:
#line 6230 "configure"
#include "confdefs.h"

int main() {
return(0);
; return 0; }
configure:6265: checking whether the C++ compiler supports -Wc++1z-compat
configure:6288: /usr/bin/g++ -std=gnu++11 -c  -Werror -Wc++1z-compat  conftest.C 1>&5
g++: error: unrecognized command line option '-Wc++1z-compat'
configure: failed program was:
#line 6281 "configure"
#include "confdefs.h"

int main() {
return(0);
; return 0; }
configure:6316: checking whether the C++ compiler supports -Wclass-varargs
configure:6339: /usr/bin/g++ -std=gnu++11 -c  -Werror -Wclass-varargs  conftest.C 1>&5
g++: error: unrecognized command line option '-Wclass-varargs'
configure: failed program was:
#line 6332 "configure"
#include "confdefs.h"

int main() {
return(0);
; return 0; }
configure:6367: checking whether the C++ compiler supports -Wimplicit-fallthrough
configure:6390: /usr/bin/g++ -std=gnu++11 -c  -Werror -Wimplicit-fallthrough  conftest.C 1>&5
g++: error: unrecognized command line option '-Wimplicit-fallthrough'
configure: failed program was:
#line 6383 "configure"
#include "confdefs.h"

int main() {
return(0);
; return 0; }
configure:6418: checking whether the C++ compiler supports -Wloop-analysis
configure:6441: /usr/bin/g++ -std=gnu++11 -c  -Werror -Wloop-analysis  conftest.C 1>&5
g++: error: unrecognized command line option '-Wloop-analysis'
configure: failed program was:
#line 6434 "configure"
#include "confdefs.h"

int main() {
return(0);
; return 0; }
configure:6524: checking whether the C++ compiler supports -Wstring-conversion
configure:6547: /usr/bin/g++ -std=gnu++11 -c  -Werror -Wstring-conversion  conftest.C 1>&5
g++: error: unrecognized command line option '-Wstring-conversion'
configure: failed program was:
#line 6540 "configure"
#include "confdefs.h"

int main() {
return(0);
; return 0; }
configure:6575: checking whether the C++ compiler supports -Wthread-safety
configure:6598: /usr/bin/g++ -std=gnu++11 -c  -Werror -Wthread-safety  conftest.C 1>&5
g++: error: unrecognized command line option '-Wthread-safety'
configure: failed program was:
#line 6591 "configure"
#include "confdefs.h"

int main() {
return(0);
; return 0; }
configure:6633: checking whether the C++ compiler supports -Wno-inline-new-delete
configure:6656: /usr/bin/g++ -std=gnu++11 -c  -Werror -Winline-new-delete  conftest.C 1>&5
g++: error: unrecognized command line option '-Winline-new-delete'
configure: failed program was:
#line 6649 "configure"
#include "confdefs.h"

int main() {
return(0);
; return 0; }
configure:6691: checking whether the C++ compiler supports -Wno-error=maybe-uninitialized
configure:6714: /usr/bin/g++ -std=gnu++11 -c  -Werror -Wno-error=maybe-uninitialized  conftest.C 1>&5
configure:6742: checking whether the C++ compiler supports -Wno-error=deprecated-declarations
configure:6765: /usr/bin/g++ -std=gnu++11 -c  -Werror -Wno-error=deprecated-declarations  conftest.C 1>&5
configure:6793: checking whether the C++ compiler supports -Wno-error=array-bounds
configure:6816: /usr/bin/g++ -std=gnu++11 -c  -Werror -Wno-error=array-bounds  conftest.C 1>&5
configure:6966: checking for 64-bit OS
configure:6975: /usr/bin/gcc -std=gnu99 -c   conftest.c 1>&5
configure:7750: checking whether the C++ compiler (/usr/bin/g++ -std=gnu++11  -fno-rtti  -Wl,-z,noexecstack -Wl,-z,text -Wl,--build-id) actually is a C++ compiler
configure:7769: /usr/bin/g++ -std=gnu++11 -o conftest  -fno-rtti   -Wl,-z,noexecstack -Wl,-z,text -Wl,--build-id conftest.C  1>&5
configure:8012: checking for ANSI C header files
configure:8025: /usr/bin/gcc -std=gnu99 -E  conftest.c >/dev/null 2>conftest.out
configure:8092: /usr/bin/gcc -std=gnu99 -o conftest  -fno-math-errno   -Wl,-z,noexecstack -Wl,-z,text -Wl,--build-id -B /home/cin_chalic/Documents/Project/github/cstipkovic/spidermonkey-research/js/src/build_OPT.OBJ/build/unix/gold conftest.c  1>&5
configure: In function 'main':
configure:8087:1: warning: implicit declaration of function 'exit' [-Wimplicit-function-declaration]
configure:8087:67: warning: incompatible implicit declaration of built-in function 'exit' [enabled by default]
configure:8088:1: warning: incompatible implicit declaration of built-in function 'exit' [enabled by default]
configure:8119: checking for working const
configure:8173: /usr/bin/gcc -std=gnu99 -c  -fno-math-errno  conftest.c 1>&5
configure:8197: checking for mode_t
configure:8233: checking for off_t
configure:8269: checking for pid_t
configure:8305: checking for size_t
configure:8355: checking for ssize_t
configure:8368: /usr/bin/gcc -std=gnu99 -c  -fno-math-errno  conftest.c 1>&5
configure:8397: checking for endian.h
configure:8410: /usr/bin/gcc -std=gnu99 -c  -fno-math-errno  conftest.c 1>&5
configure:8453: checking for machine/endian.h
configure:8466: /usr/bin/gcc -std=gnu99 -c  -fno-math-errno  conftest.c 1>&5
configure:8460:28: fatal error: machine/endian.h: No such file or directory
compilation terminated.
configure: failed program was:
#line 8458 "configure"
#include "confdefs.h"
#include <sys/types.h>
#include <machine/endian.h>
int main() {

; return 0; }
configure:8509: checking for sys/isa_defs.h
configure:8522: /usr/bin/gcc -std=gnu99 -c  -fno-math-errno  conftest.c 1>&5
configure:8516:26: fatal error: sys/isa_defs.h: No such file or directory
compilation terminated.
configure: failed program was:
#line 8514 "configure"
#include "confdefs.h"

#include <sys/isa_defs.h>
int main() {

; return 0; }
configure:8579: checking whether 64-bits std::atomic requires -latomic
configure:8592: /usr/bin/g++ -std=gnu++11 -o conftest  -fno-rtti -fno-exceptions -fno-math-errno   -Wl,-z,noexecstack -Wl,-z,text -Wl,--build-id -B /home/cin_chalic/Documents/Project/github/cstipkovic/spidermonkey-research/js/src/build_OPT.OBJ/build/unix/gold conftest.C  1>&5
configure:8687: checking for dirent.h that defines DIR
configure:8700: /usr/bin/gcc -std=gnu99 -c  -fno-math-errno  conftest.c 1>&5
configure:8728: checking for opendir in -ldir
configure:8747: /usr/bin/gcc -std=gnu99 -o conftest  -fno-math-errno   -Wl,-z,noexecstack -Wl,-z,text -Wl,--build-id -B /home/cin_chalic/Documents/Project/github/cstipkovic/spidermonkey-research/js/src/build_OPT.OBJ/build/unix/gold conftest.c -ldir   1>&5
/home/cin_chalic/Documents/Project/github/cstipkovic/spidermonkey-research/js/src/build_OPT.OBJ/build/unix/gold/ld: error: cannot find -ldir
collect2: error: ld returned 1 exit status
configure: failed program was:
#line 8736 "configure"
#include "confdefs.h"
/* Override any gcc2 internal prototype to avoid an error.  */
/* We use char because int might match the return type of a gcc2
    builtin and then its argument prototype would still apply.  */
char opendir();

int main() {
opendir()
; return 0; }
configure:8822: checking for sys/byteorder.h
configure:8835: /usr/bin/gcc -std=gnu99 -c  -fno-math-errno  conftest.c 1>&5
configure:8829:27: fatal error: sys/byteorder.h: No such file or directory
compilation terminated.
configure: failed program was:
#line 8827 "configure"
#include "confdefs.h"

#include <sys/byteorder.h>
int main() {

; return 0; }
configure:8822: checking for compat.h
configure:8835: /usr/bin/gcc -std=gnu99 -c  -fno-math-errno  conftest.c 1>&5
configure:8829:20: fatal error: compat.h: No such file or directory
compilation terminated.
configure: failed program was:
#line 8827 "configure"
#include "confdefs.h"

#include <compat.h>
int main() {

; return 0; }
configure:8822: checking for getopt.h
configure:8835: /usr/bin/gcc -std=gnu99 -c  -fno-math-errno  conftest.c 1>&5
configure:8822: checking for sys/bitypes.h
configure:8835: /usr/bin/gcc -std=gnu99 -c  -fno-math-errno  conftest.c 1>&5
configure:8822: checking for memory.h
configure:8835: /usr/bin/gcc -std=gnu99 -c  -fno-math-errno  conftest.c 1>&5
configure:8822: checking for unistd.h
configure:8835: /usr/bin/gcc -std=gnu99 -c  -fno-math-errno  conftest.c 1>&5
configure:8822: checking for gnu/libc-version.h
configure:8835: /usr/bin/gcc -std=gnu99 -c  -fno-math-errno  conftest.c 1>&5
configure:8822: checking for nl_types.h
configure:8835: /usr/bin/gcc -std=gnu99 -c  -fno-math-errno  conftest.c 1>&5
configure:8822: checking for malloc.h
configure:8835: /usr/bin/gcc -std=gnu99 -c  -fno-math-errno  conftest.c 1>&5
configure:8822: checking for X11/XKBlib.h
configure:8835: /usr/bin/gcc -std=gnu99 -c  -fno-math-errno  conftest.c 1>&5
configure:8829:24: fatal error: X11/XKBlib.h: No such file or directory
compilation terminated.
configure: failed program was:
#line 8827 "configure"
#include "confdefs.h"

#include <X11/XKBlib.h>
int main() {

; return 0; }
configure:8822: checking for io.h
configure:8835: /usr/bin/gcc -std=gnu99 -c  -fno-math-errno  conftest.c 1>&5
configure:8829:16: fatal error: io.h: No such file or directory
compilation terminated.
configure: failed program was:
#line 8827 "configure"
#include "confdefs.h"

#include <io.h>
int main() {

; return 0; }
configure:8822: checking for cpuid.h
configure:8835: /usr/bin/gcc -std=gnu99 -c  -fno-math-errno  conftest.c 1>&5
configure:8870: checking for sys/statvfs.h
configure:8883: /usr/bin/gcc -std=gnu99 -c  -fno-math-errno  conftest.c 1>&5
configure:8870: checking for sys/statfs.h
configure:8883: /usr/bin/gcc -std=gnu99 -c  -fno-math-errno  conftest.c 1>&5
configure:8870: checking for sys/vfs.h
configure:8883: /usr/bin/gcc -std=gnu99 -c  -fno-math-errno  conftest.c 1>&5
configure:8870: checking for sys/mount.h
configure:8883: /usr/bin/gcc -std=gnu99 -c  -fno-math-errno  conftest.c 1>&5
configure:8917: checking for sys/quota.h
configure:8930: /usr/bin/gcc -std=gnu99 -c  -fno-math-errno  conftest.c 1>&5
configure:8963: checking for linux/quota.h
configure:8976: /usr/bin/gcc -std=gnu99 -c  -fno-math-errno  conftest.c 1>&5
configure:9072: checking for sys/cdefs.h
configure:9085: /usr/bin/gcc -std=gnu99 -c  -fno-math-errno  conftest.c 1>&5
configure:9135: checking for linux/perf_event.h
configure:9148: /usr/bin/gcc -std=gnu99 -c  -fno-math-errno   conftest.c 1>&5
configure:9163: checking for perf_event_open system call
configure:9175: /usr/bin/gcc -std=gnu99 -c  -fno-math-errno   conftest.c 1>&5
configure:9207: checking for gethostbyname_r in -lc_r
configure:9226: /usr/bin/gcc -std=gnu99 -o conftest  -fno-math-errno   -Wl,-z,noexecstack -Wl,-z,text -Wl,--build-id -B /home/cin_chalic/Documents/Project/github/cstipkovic/spidermonkey-research/js/src/build_OPT.OBJ/build/unix/gold conftest.c -lc_r   1>&5
/home/cin_chalic/Documents/Project/github/cstipkovic/spidermonkey-research/js/src/build_OPT.OBJ/build/unix/gold/ld: error: cannot find -lc_r
collect2: error: ld returned 1 exit status
configure: failed program was:
#line 9215 "configure"
#include "confdefs.h"
/* Override any gcc2 internal prototype to avoid an error.  */
/* We use char because int might match the return type of a gcc2
    builtin and then its argument prototype would still apply.  */
char gethostbyname_r();

int main() {
gethostbyname_r()
; return 0; }
configure:9263: checking for library containing dlopen
configure:9281: /usr/bin/gcc -std=gnu99 -o conftest  -fno-math-errno   -Wl,-z,noexecstack -Wl,-z,text -Wl,--build-id -B /home/cin_chalic/Documents/Project/github/cstipkovic/spidermonkey-research/js/src/build_OPT.OBJ/build/unix/gold conftest.c  1>&5
/tmp/ccD4Qnub.o:conftest.c:function main: error: undefined reference to 'dlopen'
collect2: error: ld returned 1 exit status
configure: failed program was:
#line 9270 "configure"
#include "confdefs.h"
/* Override any gcc2 internal prototype to avoid an error.  */
/* We use char because int might match the return type of a gcc2
    builtin and then its argument prototype would still apply.  */
char dlopen();

int main() {
dlopen()
; return 0; }
configure:9303: /usr/bin/gcc -std=gnu99 -o conftest  -fno-math-errno   -Wl,-z,noexecstack -Wl,-z,text -Wl,--build-id -B /home/cin_chalic/Documents/Project/github/cstipkovic/spidermonkey-research/js/src/build_OPT.OBJ/build/unix/gold conftest.c -ldl   1>&5
configure:9321: checking for dlfcn.h
configure:9334: /usr/bin/gcc -std=gnu99 -c  -fno-math-errno  conftest.c 1>&5
configure:9420: checking for socket in -lsocket
configure:9439: /usr/bin/gcc -std=gnu99 -o conftest  -fno-math-errno   -Wl,-z,noexecstack -Wl,-z,text -Wl,--build-id -B /home/cin_chalic/Documents/Project/github/cstipkovic/spidermonkey-research/js/src/build_OPT.OBJ/build/unix/gold conftest.c -lsocket  -ldl  1>&5
/home/cin_chalic/Documents/Project/github/cstipkovic/spidermonkey-research/js/src/build_OPT.OBJ/build/unix/gold/ld: error: cannot find -lsocket
collect2: error: ld returned 1 exit status
configure: failed program was:
#line 9428 "configure"
#include "confdefs.h"
/* Override any gcc2 internal prototype to avoid an error.  */
/* We use char because int might match the return type of a gcc2
    builtin and then its argument prototype would still apply.  */
char socket();

int main() {
socket()
; return 0; }
configure:9476: checking for pthread_create in -lpthreads
configure:9495: /usr/bin/gcc -std=gnu99 -o conftest  -fno-math-errno   -Wl,-z,noexecstack -Wl,-z,text -Wl,--build-id -B /home/cin_chalic/Documents/Project/github/cstipkovic/spidermonkey-research/js/src/build_OPT.OBJ/build/unix/gold conftest.c -lpthreads  -ldl  1>&5
/home/cin_chalic/Documents/Project/github/cstipkovic/spidermonkey-research/js/src/build_OPT.OBJ/build/unix/gold/ld: error: cannot find -lpthreads
/tmp/ccMk4a7k.o:conftest.c:function main: error: undefined reference to 'pthread_create'
collect2: error: ld returned 1 exit status
configure: failed program was:
#line 9484 "configure"
#include "confdefs.h"
/* Override any gcc2 internal prototype to avoid an error.  */
/* We use char because int might match the return type of a gcc2
    builtin and then its argument prototype would still apply.  */
char pthread_create();

int main() {
pthread_create()
; return 0; }
configure:9514: checking for pthread_create in -lpthread
configure:9533: /usr/bin/gcc -std=gnu99 -o conftest  -fno-math-errno   -Wl,-z,noexecstack -Wl,-z,text -Wl,--build-id -B /home/cin_chalic/Documents/Project/github/cstipkovic/spidermonkey-research/js/src/build_OPT.OBJ/build/unix/gold conftest.c -lpthread  -ldl  1>&5
configure:9664: checking whether /usr/bin/gcc -std=gnu99 accepts -pthread
configure:9759: checking whether /usr/bin/gcc -std=gnu99 needs -traditional
configure:9805: checking for 8-bit clean memcmp
configure:9823: /usr/bin/gcc -std=gnu99 -o conftest  -fno-math-errno -pthread  -lpthread  -Wl,-z,noexecstack -Wl,-z,text -Wl,--build-id -B /home/cin_chalic/Documents/Project/github/cstipkovic/spidermonkey-research/js/src/build_OPT.OBJ/build/unix/gold conftest.c -ldl  1>&5
configure:9815:1: warning: return type defaults to 'int' [enabled by default]
configure: In function 'main':
configure:9818:3: warning: implicit declaration of function 'exit' [-Wimplicit-function-declaration]
configure:9818:3: warning: incompatible implicit declaration of built-in function 'exit' [enabled by default]
configure:9818:3: warning: implicit declaration of function 'memcmp' [-Wimplicit-function-declaration]
configure:9843: checking for getc_unlocked
configure:9875: /usr/bin/gcc -std=gnu99 -o conftest  -fno-math-errno -pthread  -lpthread  -Wl,-z,noexecstack -Wl,-z,text -Wl,--build-id -B /home/cin_chalic/Documents/Project/github/cstipkovic/spidermonkey-research/js/src/build_OPT.OBJ/build/unix/gold conftest.c -ldl  1>&5
configure:9843: checking for _getc_nolock
configure:9875: /usr/bin/gcc -std=gnu99 -o conftest  -fno-math-errno -pthread  -lpthread  -Wl,-z,noexecstack -Wl,-z,text -Wl,--build-id -B /home/cin_chalic/Documents/Project/github/cstipkovic/spidermonkey-research/js/src/build_OPT.OBJ/build/unix/gold conftest.c -ldl  1>&5
/tmp/ccUtwmht.o:conftest.c:function main: error: undefined reference to '_getc_nolock'
collect2: error: ld returned 1 exit status
configure: failed program was:
#line 9848 "configure"
#define _getc_nolock innocuous__getc_nolock
#include "confdefs.h"
#undef _getc_nolock
/* System header to define __stub macros and hopefully few prototypes,
    which can conflict with char _getc_nolock(); below.  */
#define _getc_nolock innocuous__getc_nolock
#include <assert.h>
#undef _getc_nolock
/* Override any gcc2 internal prototype to avoid an error.  */
/* We use char because int might match the return type of a gcc2
    builtin and then its argument prototype would still apply.  */
char _getc_nolock();

int main() {

/* The GNU C library defines this for functions which it implements
    to always fail with ENOSYS.  Some functions are actually named
    something starting with __ and the normal name is an alias.  */
#if defined (__stub__getc_nolock) || defined (__stub____getc_nolock)
choke me
#else
_getc_nolock();
#endif

; return 0; }
configure:9843: checking for gmtime_r
configure:9875: /usr/bin/gcc -std=gnu99 -o conftest  -fno-math-errno -pthread  -lpthread  -Wl,-z,noexecstack -Wl,-z,text -Wl,--build-id -B /home/cin_chalic/Documents/Project/github/cstipkovic/spidermonkey-research/js/src/build_OPT.OBJ/build/unix/gold conftest.c -ldl  1>&5
configure:9843: checking for localtime_r
configure:9875: /usr/bin/gcc -std=gnu99 -o conftest  -fno-math-errno -pthread  -lpthread  -Wl,-z,noexecstack -Wl,-z,text -Wl,--build-id -B /home/cin_chalic/Documents/Project/github/cstipkovic/spidermonkey-research/js/src/build_OPT.OBJ/build/unix/gold conftest.c -ldl  1>&5
configure:9904: checking for clock_gettime(CLOCK_MONOTONIC)
configure:9920: /usr/bin/gcc -std=gnu99 -o conftest  -fno-math-errno -pthread  -lpthread  -Wl,-z,noexecstack -Wl,-z,text -Wl,--build-id -B /home/cin_chalic/Documents/Project/github/cstipkovic/spidermonkey-research/js/src/build_OPT.OBJ/build/unix/gold conftest.c -ldl   1>&5
configure:9952: checking for sin in -lm
configure:9971: /usr/bin/gcc -std=gnu99 -o conftest  -fno-math-errno -pthread  -lpthread  -Wl,-z,noexecstack -Wl,-z,text -Wl,--build-id -B /home/cin_chalic/Documents/Project/github/cstipkovic/spidermonkey-research/js/src/build_OPT.OBJ/build/unix/gold conftest.c -lm  -ldl  1>&5
configure:9964:6: warning: conflicting types for built-in function 'sin' [enabled by default]
configure:10002: checking for __sincos in -lm
configure:10021: /usr/bin/gcc -std=gnu99 -o conftest  -fno-math-errno -pthread  -lpthread  -Wl,-z,noexecstack -Wl,-z,text -Wl,--build-id -B /home/cin_chalic/Documents/Project/github/cstipkovic/spidermonkey-research/js/src/build_OPT.OBJ/build/unix/gold conftest.c -lm  -lm -ldl  1>&5
/tmp/ccUOsS2I.o:conftest.c:function main: error: undefined reference to '__sincos'
collect2: error: ld returned 1 exit status
configure: failed program was:
#line 10010 "configure"
#include "confdefs.h"
/* Override any gcc2 internal prototype to avoid an error.  */
/* We use char because int might match the return type of a gcc2
    builtin and then its argument prototype would still apply.  */
char __sincos();

int main() {
__sincos()
; return 0; }
configure:10059: checking for wcrtomb
configure:10071: /usr/bin/g++ -std=gnu++11 -o conftest  -fno-rtti -fno-exceptions -fno-math-errno -pthread  -lpthread  -Wl,-z,noexecstack -Wl,-z,text -Wl,--build-id -B /home/cin_chalic/Documents/Project/github/cstipkovic/spidermonkey-research/js/src/build_OPT.OBJ/build/unix/gold conftest.C -lm -ldl  1>&5
configure:10094: checking for mbrtowc
configure:10106: /usr/bin/g++ -std=gnu++11 -o conftest  -fno-rtti -fno-exceptions -fno-math-errno -pthread  -lpthread  -Wl,-z,noexecstack -Wl,-z,text -Wl,--build-id -B /home/cin_chalic/Documents/Project/github/cstipkovic/spidermonkey-research/js/src/build_OPT.OBJ/build/unix/gold conftest.C -lm -ldl  1>&5
configure:10138: checking for res_ninit()
configure:10161: /usr/bin/gcc -std=gnu99 -o conftest  -fno-math-errno -pthread  -lpthread  -Wl,-z,noexecstack -Wl,-z,text -Wl,--build-id -B /home/cin_chalic/Documents/Project/github/cstipkovic/spidermonkey-research/js/src/build_OPT.OBJ/build/unix/gold conftest.c -lm -ldl  1>&5
configure:10189: checking for nl_langinfo and CODESET
configure:10201: /usr/bin/gcc -std=gnu99 -o conftest  -fno-math-errno -pthread  -lpthread  -Wl,-z,noexecstack -Wl,-z,text -Wl,--build-id -B /home/cin_chalic/Documents/Project/github/cstipkovic/spidermonkey-research/js/src/build_OPT.OBJ/build/unix/gold conftest.c -lm -ldl  1>&5
configure:10237: checking for an implementation of va_copy()
configure:10258: /usr/bin/gcc -std=gnu99 -c  -fno-math-errno -pthread  conftest.c 1>&5
configure:10274: checking whether va_list can be copied by value
configure:10295: /usr/bin/gcc -std=gnu99 -c  -fno-math-errno -pthread  conftest.c 1>&5
configure: In function 'f':
configure:10285:19: error: incompatible types when assigning to type 'va_list' from type 'struct __va_list_tag *'
configure: failed program was:
#line 10279 "configure"
#include "confdefs.h"
#include <stdarg.h>
                     #include <stdlib.h>
        void f (int i, ...) {
            va_list args1, args2;
            va_start (args1, i);
            args2 = args1;
            if (va_arg (args2, int) != 42 || va_arg (args1, int) != 42)
                exit (1);
            va_end (args1); va_end (args2);
        }
int main() {
f(0, 42); return 0
; return 0; }
configure:10391: checking whether the C++ "using" keyword resolves ambiguity
configure:10412: /usr/bin/g++ -std=gnu++11 -c  -fno-rtti -fno-exceptions -fno-math-errno -pthread  conftest.C 1>&5
configure:10436: checking for C++ dynamic_cast to void*
configure:10463: /usr/bin/g++ -std=gnu++11 -o conftest  -fno-rtti -fno-exceptions -fno-math-errno -pthread  -lpthread  -Wl,-z,noexecstack -Wl,-z,text -Wl,--build-id -B /home/cin_chalic/Documents/Project/github/cstipkovic/spidermonkey-research/js/src/build_OPT.OBJ/build/unix/gold conftest.C -lm -ldl  1>&5
configure:10496: checking for __thread keyword for TLS variables
configure:10508: /usr/bin/g++ -std=gnu++11 -o conftest  -fno-rtti -fno-exceptions -fno-math-errno -pthread  -lpthread  -Wl,-z,noexecstack -Wl,-z,text -Wl,--build-id -B /home/cin_chalic/Documents/Project/github/cstipkovic/spidermonkey-research/js/src/build_OPT.OBJ/build/unix/gold -fPIC -shared -Wl,-z,defs  conftest.C -lm -ldl  1>&5
configure:10546: checking for __attribute__((always_inline))
configure:10558: /usr/bin/g++ -std=gnu++11 -c  -fno-rtti -fno-exceptions -fno-math-errno -pthread  conftest.C 1>&5
configure:10582: checking for LC_MESSAGES
configure:10594: /usr/bin/gcc -std=gnu99 -c  -fno-math-errno -pthread  conftest.c 1>&5
configure:10620: checking for localeconv
configure:10652: /usr/bin/gcc -std=gnu99 -o conftest  -fno-math-errno -pthread  -lpthread  -Wl,-z,noexecstack -Wl,-z,text -Wl,--build-id -B /home/cin_chalic/Documents/Project/github/cstipkovic/spidermonkey-research/js/src/build_OPT.OBJ/build/unix/gold conftest.c -lm -ldl  1>&5
configure:10792: checking NSPR selection
configure:11117: checking for gzread in -lz
configure:11136: /usr/bin/gcc -std=gnu99 -o conftest  -fno-math-errno -pthread  -lpthread  -Wl,-z,noexecstack -Wl,-z,text -Wl,--build-id -B /home/cin_chalic/Documents/Project/github/cstipkovic/spidermonkey-research/js/src/build_OPT.OBJ/build/unix/gold conftest.c -lz  -lm -ldl  1>&5
configure:11171: /usr/bin/gcc -std=gnu99 -c  -fno-math-errno -pthread  conftest.c 1>&5
configure:11421: checking for valid optimization flags
configure:11432: /usr/bin/gcc -std=gnu99 -c  -fno-math-errno -pthread -freorder-blocks -O3  conftest.c 1>&5
configure:12215: checking for __cxa_demangle
configure:12250: /usr/bin/g++ -std=gnu++11 -o conftest  -fno-rtti -fno-exceptions -fno-math-errno -pthread  -lpthread  -Wl,-z,noexecstack -Wl,-z,text -Wl,--build-id -B /home/cin_chalic/Documents/Project/github/cstipkovic/spidermonkey-research/js/src/build_OPT.OBJ/build/unix/gold conftest.C -lm -ldl  1>&5
configure:12311: checking for -pipe support
configure:12325: checking whether C compiler supports -fprofile-generate
configure:12334: /usr/bin/gcc -std=gnu99 -c  -fno-math-errno -pthread -pipe -fprofile-generate -fprofile-correction  conftest.c 1>&5
configure:12369: checking for tm_zone tm_gmtoff in struct tm
configure:12381: /usr/bin/g++ -std=gnu++11 -c  -fno-rtti -fno-exceptions -fno-math-errno -pthread -pipe  conftest.C 1>&5
configure:12423: checking what kind of list files are supported by the linker
configure:12428: /usr/bin/gcc -std=gnu99 -o conftest.o -c  -fno-math-errno -pthread -pipe  conftest.c 1>&5
configure:12430: /usr/bin/gcc -std=gnu99 -o conftest -lpthread  -Wl,-z,noexecstack -Wl,-z,text -Wl,--build-id -B /home/cin_chalic/Documents/Project/github/cstipkovic/spidermonkey-research/js/src/build_OPT.OBJ/build/unix/gold conftest.list -lm -ldl  1>&5
configure:12456: checking what kind of ordering can be done with the linker
configure:12471: /usr/bin/gcc -std=gnu99 -o conftest  -fno-math-errno -pthread -pipe  -lpthread  -Wl,-z,noexecstack -Wl,-z,text -Wl,--build-id -B /home/cin_chalic/Documents/Project/github/cstipkovic/spidermonkey-research/js/src/build_OPT.OBJ/build/unix/gold -Wl,--section-ordering-file,conftest.order conftest.c -lm -ldl  1>&5
configure:12787: checking for posix_fadvise
configure:12819: /usr/bin/gcc -std=gnu99 -o conftest -Wall -Wempty-body -Wignored-qualifiers -Wpointer-arith -Wsign-compare -Wtype-limits -Wunreachable-code -Wno-error=maybe-uninitialized -Wno-error=deprecated-declarations -Wno-error=array-bounds -fno-math-errno -pthread -pipe  -lpthread  -Wl,-z,noexecstack -Wl,-z,text -Wl,--build-id -B /home/cin_chalic/Documents/Project/github/cstipkovic/spidermonkey-research/js/src/build_OPT.OBJ/build/unix/gold conftest.c -lm -ldl  1>&5
configure:12787: checking for posix_fallocate
configure:12819: /usr/bin/gcc -std=gnu99 -o conftest -Wall -Wempty-body -Wignored-qualifiers -Wpointer-arith -Wsign-compare -Wtype-limits -Wunreachable-code -Wno-error=maybe-uninitialized -Wno-error=deprecated-declarations -Wno-error=array-bounds -fno-math-errno -pthread -pipe  -lpthread  -Wl,-z,noexecstack -Wl,-z,text -Wl,--build-id -B /home/cin_chalic/Documents/Project/github/cstipkovic/spidermonkey-research/js/src/build_OPT.OBJ/build/unix/gold conftest.c -lm -ldl  1>&5
configure: error: Cannot find the ICU directory
